Truth:থমকে দাঁড়িয়ে গেল,—দেখলে গাছতলায় সুনন্দা দাঁড়িয়ে আছে, গাছের
OCR  :থমকে দাঁড়িয়ে গেল,--দেখলে গাছতলায় সুনন্দা দাঁড়িয়ে আছে, গাছের
Truth:তেসং হেতুং তথাগতো আহ
OCR  :তেসং হেতুৎ তথাগতো আহ
Truth:হচ্ছে। বড় মাঠের পারে শালবনের কাছে দিকচক্ৰবালের ধারে নৈশ প্ৰকৃতি
OCR  :হচ্ছে। বড় মাঠের পারে শাল বনের কাছে দিকচক্রবালের ধারে নৈশ প্রকৃতি
Truth:র কাছে যাবার উদ্যোগ করতে তিনি হাত উঁচু ক'রে প্রদ্যুম্নকে ভিড়ের
OCR  :রন কাছে যাবার উদ্যোগ করতে তিনি হাত উঁচু ক'রে প্রদ্যুম্নকে ভিড়ের
Truth:সেদিন ঘুরতে ঘুরতে অবসন্ন অবস্থায় উরুবিল্ব গ্রামের প্রান্তে একটা বড়
OCR  :সেদিন ঘুরতে ঘুরতে অবসন্প অবস্থায় উরুবিব্র গ্রামের প্রান্তরে একটা বদ্
Truth:জমিদারকেই সৈন্যবল দৃঢ় ক'রে গড়তে হ'ত। এ বনের পশ্চিম ধার দিয়ে তখন
OCR  :জমিদারকেই সৈন্যবল দৃঢ় ক'রে গড়তে হত। এ বনের পশ্চিম ধার দিয়ে তখন
Truth:দেবীর মুখ আনন্দে উজ্জ্বল হ’ল।
OCR  :দেবীর মুখ আনন্দে উজ্জ্বল হ'ল।
Truth:নরনারায়ণ রায় নিজের রাজধানীতে ব'সে সব শুনলেন—গুপ্ত সুড়ঙ্গের
OCR  :নরনারায়ণ রায় নিজের রাজধানীতে ব'সে সব শুনলেন-গুপ্ত সুড়ঙ্গের
Truth:তাদের বিহারে একজন ভিক্ষু ছিলেন, তিনি যোগাচাৰ্য্য পদ্মসম্ভবের শিষ্য।
OCR  :তাদের বিহারে একজন ভিক্ষু ছিলেন, তিনি যোগাচার্য্য পদ্মসম্ভবের শিষ্য।
Truth:গুণাঢ্য বললেন--আমি এখান থেকে আগে চ'লে যাই, তার পর এই
OCR  :গুণাঢ্য বললেন-আমি এখান থেকে আগে চ'লে যাই, তার পর এই
Truth:কামানগুলো সব চুপ,নদীর দু’পাড় ঘিরে সন্ধ্যা নেমে আসছে। উর্দ্ধ্বে নিস্তব্ধ
OCR  :কামানগুলো সব চুপ, নদীর দু'পাড় ঘিরে সন্ধ্যা নেমে আসছে। উর্্ধে নিস্তম
Truth:সময় রোজই জল নিয়ে আসেন।
OCR  :সময় রোজই জল নিতে আসেন।
Truth:ক'রে ব'সে আছে, সেই সময় দেবী জলাশয়ে নামলেন। সেও কি ভেবে
OCR  :ক'রে ব'সে আছে, সেই সময় দেবী জলাশয়ে নামলেন। সেওড কি তেবে
Truth:করে লক্ষ্য করে দেখে সে বুঝলে যে, সে আলো জ্যোৎস্নার আলোর মতন
OCR  :ক'রে লক্ষ্য ক'রে দেখে সে বুঝলে যে, সে আলো জ্যোৎস্নার আলোর মতন
Truth:থাকবার পর সঙ্গী বললে—আসুন একটু শোয়া যাক। ঘুম তো হবে না
OCR  :থাকবার পর সঙ্গী বললেন--আসুন একটু শোয়া যাক। ঘুম তো হবে না
Truth:প্রদ্যুম্ন আর একবার সম্মতিসূচক ঘাড়-নাড়বার পর সুরদাসের কাছে
OCR  :প্রদ্যুম্ন আর একবার সম্মতিস্ুচক ঘাড়-নাড়বার পর সুরদাসের কাছে
Truth:কীর্ত্তি রায় বুঝতেন নিজের হাতের আঙুলও যদি বিষাক্ত হয়ে ওঠে তো
OCR  :কীর্ততি রায় বুঝতেন নিজের হাতের আঙলও যদি বিষাক্ত হ'য়ে ওঠে তো
Truth:গায়ক ছিলেন, শিক্ষা শেষ করে সকলেই আগে ওই মন্দিরে এসে দেবীর
OCR  :গায়ক ছিলেন, শিক্ষা শেষ ক'রে সকলেই আগে ওই মন্দিরে এসে দেবীর
Truth:বিবাহ করতে সম্মত হয় নি। অত্যন্ত তরুণ বয়সে প্ৰব্ৰজ্যা গ্রহণ করায় সে
OCR  :বিবাহ করতে সম্মত হয়নি। অত্যন্ত তরুণ বয়সে প্রব্রজ্যা গ্রহণ করামন সে
Truth:ক'রে দেখ। সেই সেদিন বললে না ?
OCR  :ক'রে দেখ। সেই সেদিন বললে না?
Truth:উঠল। বেতবনের বেতডাঁটাগুলো তরল অন্ধকারে আর ভালো দেখা
OCR  :উঠল। বেতবনের বেতড়াটাগুলো তরল অন্ধকারে আর ভালো দেখা
Truth:যখন সেখানে পৌঁছল, তখন মেঘ নেমে সমস্ত আকাশ ছেয়ে ফেলেছে,
OCR  :যখন সেখানে পৌছল, তখন মেঘ নেমে সমস্ত আকাশ ছেয়ে ফেলেছে,
Truth:আষাঢ়ী পূর্ণিমার রাতে প্রদ্যুম্ন সুরদাসের সঙ্গে নদীর ঘাটে গেল। তারা
OCR  :আযাঢ়ী পূর্ণিমার রাতে প্রদ্যুম্ন সুরদাসের সঙ্গে নদীর মাঠে গেল। তারা
Truth:কুটীরের দিকে চেয়ে পাহারা রাখত। তার তরুণ বীর হৃদয় এক ভীরু নারীকে
OCR  :কুটারের দিকে চেয়ে পাহারা রাখত। তার তরুণ বীর হৃদয় এক ভীরু নারীকে
Truth:বেতে-বোনা থলি বার ক'রে তাঁর হাতে দিয়ে বললেন—এতে খাবার আছে,
OCR  :বেতে-বোনা খলি বার ক'রে তাঁর হাতে দিয়ে বললেন---এতে খাবার আছে,
Truth:তাঁর পদ্মের পাপড়ির মত চোখ দুটি বেয়ে ঝরঝর ক'রে জল ঝরে পড়ল।
OCR  :তাঁর পদ্মের পাপড়ির মতো চোখ দু'টি বেয়ে ঝরঝর ক'রে জল ঝরে পড়ল।
Truth:সে কার প্রতীক্ষায় উন্মুখ হয়ে রইত, সকাল কেটে গেলে ভাবত বিকালে
OCR  :সে কার প্রতীক্ষাম় উন্মুখ হয়ে রইত, সকাল কেটে গেলে ভাবত বিকালে
Truth:প্রদ্যুম্নকে আসতে দেখে তিনি অত্যন্ত আনন্দিত হলেন, হাসিমুখে বললেন—
OCR  :রদ্যুমকে আসতে দেখে তিনি অত্যম্ত আনন্দিত হলেন, হাসিমুখে বললেন-
Truth:ইতস্ততঃ ক'রে বললেন—ভাই বলতে সাহস পাইনে, তবুও একটা কথা
OCR  :ইতস্তুতঃ ক'রে বললেন -ভাই বলতে সাহস পাইনে, তবুও একটা কথা
Truth:অনেকক্ষণ প্রদ্যুম্নের কেমন একটা মোহের ভাব দূর হ'ল না। সে যা
OCR  :অনেকক্ষণ প্রদ্যুম্নের কেমন একটা মোহের ভাব দুর হ'ল না। সে যা
Truth:ছিল, আবার তেমনি নিস্তব্ধ হয়ে গেল।...তাড়াতাড়ি ছইএর বাইরে এলুম।
OCR  :ছিল, আবার তেমনি নিস্তব্ধ হয়ে গেল।...তাড়াতাড়ি ছই এর বাইরে এলুম।
Truth:আপন মনে প্রায়ই কি ভাবত ; মাঠের জ্যোৎস্নাজাল কাটিয়ে অনেক রাতে
OCR  :আপন মনে প্রায়ই কি ভাবত; মাঠের জ্যোৎস্নাজাল কাটিয়ে অনেক রাতে
Truth:যায় !...
OCR  :যায়!...
Truth:নাকি ফরেস্ট ডিপার্টমেণ্টে কাজ করতেন, তাঁরই লঞ্চে ক’রে তিনি একবার
OCR  :নাকি ফরেস্ট ডিপাটটমেন্টে কাজ করতেন, তাঁই লঞ্চে ক'রে তিনি একবার
Truth:ঘটকক্ষে ধাপে ধাপে উঠে চ'লে যান--সে রোজ বসে দেখে।
OCR  :ঘটকক্ষে ধাপে ধাপে উঠে চ'লে যান-সে রোজ ব'সে দেখে।
Truth:রায়ের অধিকারে ছিল। এইখানে তাঁর সুদৃঢ় দুর্গ ছিল — মগ জলদস্যুদের
OCR  : রায়ের অধিকারে ছিল। এইখানে তাঁর সুদৃঢ় দুর্গ ছিল-মগ জলদস্যুদের
Truth:খানা দুপুর থেকে বিকেলের মধ্যে পাঁচবার হারিয়ে গেল, আবার পাঁচ বারই
OCR  :খানা দুপুর থেকে বিকেলের মধ্যে পাঁচ বার হারিয়ে গেল, আবার পাঁচ বারই
Truth:সম্পূর্ণ অপ্রত্যাশিত স্থান থেকে খুঁজে পাওয়া গেল। তাম্বুলে এমন সব
OCR  :সম্পূর্ণ অপ্রত্যাশিত স্থান থেকে খুঁজে পাওয়া গেল। তান্বুলে এমন সব
Truth:সৌন্দর্যলক্ষীকে অন্যায় বাঁধন থেকে মুক্ত করার অধিকার আমি পেয়েছি।
OCR  :সৌন্দর্য্যলকগ্ষ্মীকে অন্যায় বাঁধন থেকে মুক্ত করাব অধিকার আমি পেয়েছি।
Truth:প্রদ্যুম্ন বললে--চলুন আপনি ।
OCR  :প্রদ্যুম্ন বললে-চলুন আপনি।
Truth:আমার জীবনে সেই একটা অদ্ভুত ব্যাপার সেবার ঘটেছিল।
OCR  :আমার জীবনে সেই একটা অদ্ভুত ব্যাপার সেব'র ঘটেছিল।
Truth:অমৃতের মতো, এমন সুস্বাদু যবাগূ সে পূর্ব্বে কখনো পান করেনি।
OCR  :অমতের মতো, এমন সুস্বাদু যবাগূ সে পূর্ব্বে কখনো পান করেনি।
Truth:অপ্রত্যাশিত ঘটনা। তা হ'লেও, কীর্ত্তি রায়ের গড় থেকেও তোপ চলল।
OCR  :অপ্রত্যাশিত ঘটনা। তা হ'লেও৪, কীর্ত্তি রায়ের গড় থেকেও তোপ চলল।
Truth:ময়েপুরুষ মন্দির-প্রাঙ্গণে একত্র হয়েছিল, তারই মধ্যে প্রদ্যুম্ন প্রথমে
OCR  :ময়েপুর'ষ মন্দির-প্রাঙ্গবণে একত্র হয়েছিল, তারই মধ্যে প্রদ্যুম্ন প্রথমে
Truth:বেষ্টন করে নিলে, তারপর বললে—আচ্ছা থাক্, বলে দেব না। চল সুনন্দা,
OCR  :বেষ্টন করে নিলে, তারপর বললে-আচ্ছা থাকৃ, ব'লে দেব না। চল সুনন্দা,
Truth:চক্রাকারে ঘুরছে...হঠাৎ বিজয়োন্মত্ত নরনারায়ণ রায়ের চোখের সম্মুখে
OCR  :চক্রাকারে ঘুরছে...হঠাৎ বিজয়োন্মন্ত নরনারায়ণ রায়ের চোখের সম্মুখে
Truth:করলে। সঙ্গীর ক্রিয়াকলাপে প্রদ্যুম্ন বুঝেতে পারলে তিনি একজন তান্ত্রিক।
OCR  :করলে। সঙ্গীর ক্রিয়াকলাপে প্রদ্যুম্ন বঝতে পারলে তিনি একজন তান্ত্রিক।
Truth:প্রদ্যুম্ন চারিদিক চেয়ে ব'সে ব'সে ভাবলে, ঐ নীল আকাশের তলে বিশ
OCR  :প্রদ্যুম্ন চারিদিক চেয়ে ব'সে ব'সে ভাবলে, এঁ নীল আকাশের তলে বিশ
Truth:সুনন্দাকে দেখে প্রদ্যুম্ন মনে মনে ভারি খুশী হ'ল, মুখে বললে—নাঃ তা
OCR  :সুনন্দাকে দেখে প্রদ্যুম্ন মনে মনে ভার খুশী হ'ল, মুখে বললে-নাং.তা
Truth:নৌকার তলায় বেধে আগের চেয়েও জোরে শব্দ হচ্ছিল।...
OCR  :জল নৌকার তলায় বেধে আগের চেয়েও জোরে শব্দ হচ্ছিল।...
Truth:মেরে ফেলাই তাদের উদ্দেশ্য। মৃত্যু! সামনে নির্মম মৃত্যু !...
OCR  :মেরে ফেলাই তাদের উদ্দেশ্য। মৃত্যু! সামনে নির্ম্মম মৃত্যু!...
Truth:আরও ক-দিন আরো ক-রাত কেটে গেল। কেউ তাঁর জন্যে কোন খাদ্য
OCR  :আরো ক-দিন আরো ক-রাত কেটে গেল। কেউ তাঁর জন্যে কোন খান্য
Truth:প্রায় দু'শত বৎসর পূর্ব্বে একজন তরুণ গায়ক ওখানে থাকত। তখন মন্দিরের
OCR  :প্রায় দু'শত বংসর পূর্ব্বে একজন তরুণ গায়ক ওখানে থাকৃত। তখন মন্দিরের
Truth:মাসের পর মাস এরকম কত সকাল সন্ধ্যা কেটে গেল--কেউ এল না...তবু
OCR  :মাসের পর মাস এরকম কত সকাল-সন্ধ্যা কেটে গেল-কেউ এল না...তবু
Truth:সুনন্দা আর কখনো লক্ষ্য করেনি!
OCR  :সুনন্দা আর কখনো লক্ষ্য করেনি।!
Truth:দেবী কুটীরের মধ্যে আহারের স্থান ক'রে দু'জনকে খেতে দিলেন—
OCR  :দেবী কুটীরের মধ্যে আহারের স্থান ক'রে দু'জনকে খেতে দিলেন-
Truth:প্রদ্যুম্ন বললে—শুনুন, আপনি বেশ ক'রে মনে ক'রে দেখুন দেখি, আপনি
OCR  :প্রদ্যুম্ন বললে -শুনুন, আপনি বেশ ক'রে মনে করে দেখুন দেখি আপনি
Truth:নরনারায়ণ রায় একটুখানি কি ভাবলেন, তারপর বললেন—তুমি আমার
OCR  :নরনারায়ণ রায় একটুখানি কি ভাবলেন, তারপর বললেন-তুমি আমার
Truth:দিন সকালেই এ লোকটি গড় থেকে আরও অনেকের সঙ্গে পালিয়েছিল।
OCR  :দিন সকালেই এ লোকটি গড় থেকে আরও অনেকের সঙ্গে পাসিয়েছিল।
Truth:ঢিবিটা আছে জানো ? তার সামনেই বড় মাঠ। ওই ঢিবিটায় বহু
OCR  :টঢিবিটা আছে জানো ? তার সামনেই বড় মাঠ? ওই ঢচিবিটায় বহু
Truth:আমার সঙ্গী বললেন—এত রাতে আর বাইরে থাকবেন না, আসুন
OCR  :আমার সঙ্গী বললেন--এত রাতে আর বাইরে থাকবেন না, আসুন
Truth:প্রদ্যুম্ন সুনন্দার সংগঠিত পুস্পপেলব দক্ষিণ বাহুটি নিজের হাতের মধ্যে
OCR  :প্রদ্যুম্ন সুনন্দার সুগঠিত পুষ্পপেলব দক্ষিণ বাহুটি নিজের হাতের মধ্যে
Truth:একপাশে বাকলা, চন্দ্রদ্বীপ — অন্যপাশে ভুলুয়ার প্রতাপশালী ভুঁইয়া রাজা
OCR  :এক পাশে বাকুলা, চন্দ্রদীপ--অন্যপাশে ভূলুয়ার প্রতাপশালী ভুইয়া রাজা
Truth:প্রদ্যুম্ন বললে—তিনি আবার কোথায় চ'লে গেলেন। আজ আর
OCR  :প্রদ্যুম্ন বললে-তিনি আবার কোথায় চ'লে গেলেন। আজ্ব আর
Truth:নরনারায়ণ জিজ্ঞাসা করলেন—কি কথা বৌ-ঠাকরুণ?
OCR  :নরনারায়ণ জিজ্ঞাসা করলেন-কি কথা বৌ-ঠাকরুণ ?
Truth:সঙ্গী উঠে জিজ্ঞাসা করলে—কি, কি মশায় ! ডাকলেন কেন ? কোন
OCR  :সঙ্গী উঠে জিজ্ঞাসা করলে-কি, কি মশায়! ডাকলেন কেন ? কোন
Truth:আর ঘুমোনো ঠিকও না, আসুন একটু চোখ বুজে থাকি।
OCR  :আর ঘুমোনো ঠিকও না, আসুন একটু চোখ বুজে থাকি।
Truth:খেয়ে নাও, তারপর যত শিগগির পারো, পালিয়ে যাও।"
OCR  :খেয়ে নাও, তারপর যত শীগগির পারো, পালিয়ে যাও।
Truth:রুদ্ধ হয়ে গড়ের যে কোন্ নিভৃত ভূ-গর্ভস্থ কক্ষে মৃত্যুমুখে পতিত হলেন, তার
OCR  :কলদ্ধ হয়ে গড়ের যে কোন্‌ নিভৃত ভূরগর্ভস্থ কক্ষে মৃত্যুমুখে পতিত হলেন, তার
Truth:দূরে নদীর বাঁকের ভাঙ্গা মন্দিরে ক্ষীণ আলো জ্বলে উঠল, উৎসব-প্রত্যাগত
OCR  :দূরে নদীর বাঁকের ভাঙা মন্দিরে ক্ষীণ আলো জ্বলে উঠল, উৎসব-প্রত্যাগত
Truth:এই রকমে কীর্ত্তি রায় ও তাঁর পরিবারবর্গ অনাহারে তিলে তিলে শ্বাস-
OCR  :এই রকমে কীর্ত্তি রায় ও তাঁর পরিবারবর্ণগণ অনাহারে তিলে তিলে শ্বাস-
At iteration 0, stage 0, Eval Char error rate=4.078476, Word error rate=14.618326
